<?xml version="1.0" encoding="UTF-8"?>
<!-- Generated by org.testng.reporters.JUnitReportReporter -->
<testsuite skipped="0" hostname="DESKTOP-0J47P2G" name="com.qa.hubspot.tests.LoginPageTest" tests="3" failures="0" timestamp="31 Jul 2020 03:40:38 GMT" time="7.719" errors="0">
  <testcase name="verifySignUpLinkTest" time="5.448" classname="com.qa.hubspot.tests.LoginPageTest"/>
  <testcase name="verifyLoginPageTitleTest" time="0.228" classname="com.qa.hubspot.tests.LoginPageTest"/>
  <testcase name="loginTest" time="2.043" classname="com.qa.hubspot.tests.LoginPageTest"/>
</testsuite> <!-- com.qa.hubspot.tests.LoginPageTest -->
